[0.039s] Invoking command in '/home/vsohani/ros2_humble/src/sensor_manager_ros/build/sensor_manager_ros': CMAKE_PREFIX_PATH=${CMAKE_PREFIX_PATH}:/home/vsohani/ros2_humble/src/turtlebot3_ws/install/turtlebot3_teleop:/home/vsohani/ros2_humble/src/turtlebot3_ws/install/turtlebot3_example:/opt/ros/humble:/home/vsohani/ros2_humble/install/rqt_bag_plugins:/home/vsohani/ros2_humble/install/rqt_bag:/home/vsohani/ros2_humble/install/launch_testing_examples:/home/vsohani/ros2_humble/install/ros2bag:/home/vsohani/ros2_humble/install/turtlebot3_example:/home/vsohani/ros2_humble/install/turtlebot3_teleop:/home/vsohani/ros2_humble/install/tracetools_test:/home/vsohani/ros2_humble/install/tracetools_launch:/home/vsohani/ros2_humble/install/topic_monitor:/home/vsohani/ros2_humble/install/tf2_tools:/home/vsohani/ros2_humble/install/examples_tf2_py:/home/vsohani/ros2_humble/install/tf2_ros_py:/home/vsohani/ros2_humble/install/sros2:/home/vsohani/ros2_humble/install/rqt_topic:/home/vsohani/ros2_humble/install/rqt_srv:/home/vsohani/ros2_humble/install/rqt_shell:/home/vsohani/ros2_humble/install/rqt_service_caller:/home/vsohani/ros2_humble/install/rqt_reconfigure:/home/vsohani/ros2_humble/install/rqt_py_console:/home/vsohani/ros2_humble/install/rqt_publisher:/home/vsohani/ros2_humble/install/rqt_plot:/home/vsohani/ros2_humble/install/rqt_action:/home/vsohani/ros2_humble/install/rqt_msg:/home/vsohani/ros2_humble/install/rqt_console:/home/vsohani/ros2_humble/install/rqt:/home/vsohani/ros2_humble/install/rqt_graph:/home/vsohani/ros2_humble/install/rqt_gui_py:/home/vsohani/ros2_humble/install/rqt_gui:/home/vsohani/ros2_humble/install/ros2trace:/home/vsohani/ros2_humble/install/ros2topic:/home/vsohani/ros2_humble/install/ros2test:/home/vsohani/ros2_humble/install/ros2component:/home/vsohani/ros2_humble/install/ros2param:/home/vsohani/ros2_humble/install/ros2lifecycle:/home/vsohani/ros2_humble/install/ros2service:/home/vsohani/ros2_humble/install/ros2run:/home/vsohani/ros2_humble/install/ros2launch:/home/vsohani/ros2_humble/install/ros2pkg:/home/vsohani/ros2_humble/install/ros2node:/home/vsohani/ros2_humble/install/ros2multicast:/home/vsohani/ros2_humble/install/ros2interface:/home/vsohani/ros2_humble/install/ros2doctor:/home/vsohani/ros2_humble/install/ros2action:/home/vsohani/ros2_humble/install/ros2cli:/home/vsohani/ros2_humble/install/quality_of_service_demo_py:/home/vsohani/ros2_humble/install/lifecycle_py:/home/vsohani/ros2_humble/install/launch_testing_ros:/home/vsohani/ros2_humble/install/launch_ros:/home/vsohani/ros2_humble/install/examples_rclpy_pointcloud_publisher:/home/vsohani/ros2_humble/install/examples_rclpy_minimal_subscriber:/home/vsohani/ros2_humble/install/examples_rclpy_minimal_service:/home/vsohani/ros2_humble/install/examples_rclpy_minimal_publisher:/home/vsohani/ros2_humble/install/examples_rclpy_minimal_client:/home/vsohani/ros2_humble/install/examples_rclpy_minimal_action_server:/home/vsohani/ros2_humble/install/examples_rclpy_minimal_action_client:/home/vsohani/ros2_humble/install/examples_rclpy_guard_conditions:/home/vsohani/ros2_humble/install/examples_rclpy_executors:/home/vsohani/ros2_humble/install/demo_nodes_py:/home/vsohani/ros2_humble/install/camera_info_manager_py:/home/vsohani/ros2_humble/install/action_tutorials_py:/home/vsohani/ros2_humble/install/ament_uncrustify:/home/vsohani/ros2_humble/install/tracetools_trace:/home/vsohani/ros2_humble/install/tracetools_read:/home/vsohani/ros2_humble/install/test_tracetools_launch:/home/vsohani/ros2_humble/install/test_launch_ros:/home/vsohani/ros2_humble/install/sensor_msgs_py:/home/vsohani/ros2_humble/install/rpyutils:/home/vsohani/ros2_humble/install/rosidl_runtime_py:/home/vsohani/ros2_humble/install/rosidl_cli:/home/vsohani/ros2_humble/install/launch_pytest:/home/vsohani/ros2_humble/install/launch_testing:/home/vsohani/ros2_humble/install/launch_yaml:/home/vsohani/ros2_humble/install/launch_xml:/home/vsohani/ros2_humble/install/launch:/home/vsohani/ros2_humble/install/osrf_pycommon:/home/vsohani/ros2_humble/install/domain_coordinator:/home/vsohani/ros2_humble/install/ament_xmllint:/home/vsohani/ros2_humble/install/ament_pyflakes:/home/vsohani/ros2_humble/install/ament_pycodestyle:/home/vsohani/ros2_humble/install/ament_pep257:/home/vsohani/ros2_humble/install/ament_pclint:/home/vsohani/ros2_humble/install/ament_package:/home/vsohani/ros2_humble/install/ament_mypy:/home/vsohani/ros2_humble/install/ament_lint_cmake:/home/vsohani/ros2_humble/install/ament_flake8:/home/vsohani/ros2_humble/install/ament_copyright:/home/vsohani/ros2_humble/install/ament_lint:/home/vsohani/ros2_humble/install/ament_index_python:/home/vsohani/ros2_humble/install/ament_cpplint:/home/vsohani/ros2_humble/install/ament_cppcheck:/home/vsohani/ros2_humble/install/ament_clang_tidy:/home/vsohani/ros2_humble/install/ament_clang_format /usr/bin/cmake --build /home/vsohani/ros2_humble/src/sensor_manager_ros/build/sensor_manager_ros -- -j16 -l16
[0.132s] [35m[1mConsolidate compiler generated dependencies of target sensor_manager_node[0m
[0.165s] [ 28%] [32mBuilding CXX object CMakeFiles/sensor_manager_node.dir/src/sensor_manager_node.cpp.o[0m
[0.165s] [ 28%] [32mBuilding CXX object CMakeFiles/sensor_manager_node.dir/src/SensorManager.cpp.o[0m
[1.986s] [01m[K/home/vsohani/ros2_humble/src/sensor_manager_ros/src/SensorManager.cpp:87:8:[m[K [01;31m[Kerror: [m[Kdeduced class type â€˜[01m[Kvector[m[Kâ€™ in function return type
[1.986s]    87 | vector [01;31m[KSensorManager[m[K::processLaserScan(const sensor_msgs::msg::LaserScan::SharedPtr msg){
[1.986s]       |        [01;31m[K^~~~~~~~~~~~~[m[K
[1.986s] In file included from [01m[K/usr/include/c++/11/vector:67[m[K,
[1.986s]                  from [01m[K/home/vsohani/ros2_humble/src/sensor_manager_ros/include/Sensor.h:3[m[K,
[1.986s]                  from [01m[K/home/vsohani/ros2_humble/src/sensor_manager_ros/include/SensorManager.h:3[m[K,
[1.987s]                  from [01m[K/home/vsohani/ros2_humble/src/sensor_manager_ros/src/SensorManager.cpp:1[m[K:
[1.987s] [01m[K/usr/include/c++/11/bits/stl_vector.h:389:11:[m[K [01;36m[Knote: [m[Kâ€˜[01m[Ktemplate<class _Tp, class _Alloc> class std::vector[m[Kâ€™ declared here
[1.987s]   389 |     class [01;36m[Kvector[m[K : protected _Vector_base<_Tp, _Alloc>
[1.987s]       |           [01;36m[K^~~~~~[m[K
[2.353s] gmake[2]: *** [CMakeFiles/sensor_manager_node.dir/build.make:90: CMakeFiles/sensor_manager_node.dir/src/SensorManager.cpp.o] Error 1
[2.353s] gmake[2]: *** Waiting for unfinished jobs....
[6.176s] gmake[1]: *** [CMakeFiles/Makefile2:137: CMakeFiles/sensor_manager_node.dir/all] Error 2
[6.176s] gmake: *** [Makefile:146: all] Error 2
[6.178s] Invoked command in '/home/vsohani/ros2_humble/src/sensor_manager_ros/build/sensor_manager_ros' returned '2': CMAKE_PREFIX_PATH=${CMAKE_PREFIX_PATH}:/home/vsohani/ros2_humble/src/turtlebot3_ws/install/turtlebot3_teleop:/home/vsohani/ros2_humble/src/turtlebot3_ws/install/turtlebot3_example:/opt/ros/humble:/home/vsohani/ros2_humble/install/rqt_bag_plugins:/home/vsohani/ros2_humble/install/rqt_bag:/home/vsohani/ros2_humble/install/launch_testing_examples:/home/vsohani/ros2_humble/install/ros2bag:/home/vsohani/ros2_humble/install/turtlebot3_example:/home/vsohani/ros2_humble/install/turtlebot3_teleop:/home/vsohani/ros2_humble/install/tracetools_test:/home/vsohani/ros2_humble/install/tracetools_launch:/home/vsohani/ros2_humble/install/topic_monitor:/home/vsohani/ros2_humble/install/tf2_tools:/home/vsohani/ros2_humble/install/examples_tf2_py:/home/vsohani/ros2_humble/install/tf2_ros_py:/home/vsohani/ros2_humble/install/sros2:/home/vsohani/ros2_humble/install/rqt_topic:/home/vsohani/ros2_humble/install/rqt_srv:/home/vsohani/ros2_humble/install/rqt_shell:/home/vsohani/ros2_humble/install/rqt_service_caller:/home/vsohani/ros2_humble/install/rqt_reconfigure:/home/vsohani/ros2_humble/install/rqt_py_console:/home/vsohani/ros2_humble/install/rqt_publisher:/home/vsohani/ros2_humble/install/rqt_plot:/home/vsohani/ros2_humble/install/rqt_action:/home/vsohani/ros2_humble/install/rqt_msg:/home/vsohani/ros2_humble/install/rqt_console:/home/vsohani/ros2_humble/install/rqt:/home/vsohani/ros2_humble/install/rqt_graph:/home/vsohani/ros2_humble/install/rqt_gui_py:/home/vsohani/ros2_humble/install/rqt_gui:/home/vsohani/ros2_humble/install/ros2trace:/home/vsohani/ros2_humble/install/ros2topic:/home/vsohani/ros2_humble/install/ros2test:/home/vsohani/ros2_humble/install/ros2component:/home/vsohani/ros2_humble/install/ros2param:/home/vsohani/ros2_humble/install/ros2lifecycle:/home/vsohani/ros2_humble/install/ros2service:/home/vsohani/ros2_humble/install/ros2run:/home/vsohani/ros2_humble/install/ros2launch:/home/vsohani/ros2_humble/install/ros2pkg:/home/vsohani/ros2_humble/install/ros2node:/home/vsohani/ros2_humble/install/ros2multicast:/home/vsohani/ros2_humble/install/ros2interface:/home/vsohani/ros2_humble/install/ros2doctor:/home/vsohani/ros2_humble/install/ros2action:/home/vsohani/ros2_humble/install/ros2cli:/home/vsohani/ros2_humble/install/quality_of_service_demo_py:/home/vsohani/ros2_humble/install/lifecycle_py:/home/vsohani/ros2_humble/install/launch_testing_ros:/home/vsohani/ros2_humble/install/launch_ros:/home/vsohani/ros2_humble/install/examples_rclpy_pointcloud_publisher:/home/vsohani/ros2_humble/install/examples_rclpy_minimal_subscriber:/home/vsohani/ros2_humble/install/examples_rclpy_minimal_service:/home/vsohani/ros2_humble/install/examples_rclpy_minimal_publisher:/home/vsohani/ros2_humble/install/examples_rclpy_minimal_client:/home/vsohani/ros2_humble/install/examples_rclpy_minimal_action_server:/home/vsohani/ros2_humble/install/examples_rclpy_minimal_action_client:/home/vsohani/ros2_humble/install/examples_rclpy_guard_conditions:/home/vsohani/ros2_humble/install/examples_rclpy_executors:/home/vsohani/ros2_humble/install/demo_nodes_py:/home/vsohani/ros2_humble/install/camera_info_manager_py:/home/vsohani/ros2_humble/install/action_tutorials_py:/home/vsohani/ros2_humble/install/ament_uncrustify:/home/vsohani/ros2_humble/install/tracetools_trace:/home/vsohani/ros2_humble/install/tracetools_read:/home/vsohani/ros2_humble/install/test_tracetools_launch:/home/vsohani/ros2_humble/install/test_launch_ros:/home/vsohani/ros2_humble/install/sensor_msgs_py:/home/vsohani/ros2_humble/install/rpyutils:/home/vsohani/ros2_humble/install/rosidl_runtime_py:/home/vsohani/ros2_humble/install/rosidl_cli:/home/vsohani/ros2_humble/install/launch_pytest:/home/vsohani/ros2_humble/install/launch_testing:/home/vsohani/ros2_humble/install/launch_yaml:/home/vsohani/ros2_humble/install/launch_xml:/home/vsohani/ros2_humble/install/launch:/home/vsohani/ros2_humble/install/osrf_pycommon:/home/vsohani/ros2_humble/install/domain_coordinator:/home/vsohani/ros2_humble/install/ament_xmllint:/home/vsohani/ros2_humble/install/ament_pyflakes:/home/vsohani/ros2_humble/install/ament_pycodestyle:/home/vsohani/ros2_humble/install/ament_pep257:/home/vsohani/ros2_humble/install/ament_pclint:/home/vsohani/ros2_humble/install/ament_package:/home/vsohani/ros2_humble/install/ament_mypy:/home/vsohani/ros2_humble/install/ament_lint_cmake:/home/vsohani/ros2_humble/install/ament_flake8:/home/vsohani/ros2_humble/install/ament_copyright:/home/vsohani/ros2_humble/install/ament_lint:/home/vsohani/ros2_humble/install/ament_index_python:/home/vsohani/ros2_humble/install/ament_cpplint:/home/vsohani/ros2_humble/install/ament_cppcheck:/home/vsohani/ros2_humble/install/ament_clang_tidy:/home/vsohani/ros2_humble/install/ament_clang_format /usr/bin/cmake --build /home/vsohani/ros2_humble/src/sensor_manager_ros/build/sensor_manager_ros -- -j16 -l16
