[35m[1mConsolidate compiler generated dependencies of target sensor_manager_node[0m
[ 14%] [32mBuilding CXX object CMakeFiles/sensor_manager_node.dir/src/sensor_manager_node.cpp.o[0m
[ 28%] [32mBuilding CXX object CMakeFiles/sensor_manager_node.dir/src/LidarSensor.cpp.o[0m
[01m[K/home/vsohani/ros2_humble/src/sensor_manager_ros/src/sensor_manager_node.cpp:35:10:[m[K [01;31m[Kerror: [m[Kinvalid preprocessing directive #lidar_summary
   35 |         #[01;31m[Klidar_summary[m[K.addSummaryFromScan(ranges, timestamp);
      |          [01;31m[K^~~~~~~~~~~~~[m[K
gmake[2]: *** [CMakeFiles/sensor_manager_node.dir/build.make:76: CMakeFiles/sensor_manager_node.dir/src/sensor_manager_node.cpp.o] Error 1
gmake[1]: *** [CMakeFiles/Makefile2:137: CMakeFiles/sensor_manager_node.dir/all] Error 2
gmake: *** [Makefile:146: all] Error 2
