-- The C compiler identification is GNU 11.4.0
-- The CXX compiler identification is GNU 11.4.0
-- Detecting C compiler ABI info
-- Detecting C compiler ABI info - done
-- Check for working C compiler: /usr/bin/cc - skipped
-- Detecting C compile features
-- Detecting C compile features - done
-- Detecting CXX compiler ABI info
-- Detecting CXX compiler ABI info - done
-- Check for working CXX compiler: /usr/bin/c++ - skipped
-- Detecting CXX compile features
-- Detecting CXX compile features - done
-- Found ament_cmake: 1.3.12 (/home/vsohani/ros2_humble/install/ament_cmake/share/ament_cmake/cmake)
-- Found Python3: /usr/bin/python3 (found version "3.10.12") found components: Interpreter 
-- Found rclcpp: 16.0.14 (/home/vsohani/ros2_humble/install/rclcpp/share/rclcpp/cmake)
-- Found rosidl_generator_c: 3.1.7 (/home/vsohani/ros2_humble/install/rosidl_generator_c/share/rosidl_generator_c/cmake)
-- Found rosidl_adapter: 3.1.7 (/home/vsohani/ros2_humble/install/rosidl_adapter/share/rosidl_adapter/cmake)
-- Found rosidl_generator_cpp: 3.1.7 (/home/vsohani/ros2_humble/install/rosidl_generator_cpp/share/rosidl_generator_cpp/cmake)
-- Using all available rosidl_typesupport_c: rosidl_typesupport_fastrtps_c;rosidl_typesupport_introspection_c
-- Using all available rosidl_typesupport_cpp: rosidl_typesupport_fastrtps_cpp;rosidl_typesupport_introspection_cpp
-- Found rmw_implementation_cmake: 6.1.2 (/home/vsohani/ros2_humble/install/rmw_implementation_cmake/share/rmw_implementation_cmake/cmake)
-- Found rmw_fastrtps_cpp: 6.2.8 (/home/vsohani/ros2_humble/install/rmw_fastrtps_cpp/share/rmw_fastrtps_cpp/cmake)
-- Found OpenSSL: /usr/lib/x86_64-linux-gnu/libcrypto.so (found version "3.0.2")  
-- Found FastRTPS: /home/vsohani/ros2_humble/install/fastrtps/include  
-- Using RMW implementation 'rmw_fastrtps_cpp' as default
-- Looking for pthread.h
-- Looking for pthread.h - found
-- Performing Test CMAKE_HAVE_LIBC_PTHREAD
-- Performing Test CMAKE_HAVE_LIBC_PTHREAD - Success
-- Found Threads: TRUE  
-- Found sensor_msgs: 4.9.0 (/home/vsohani/ros2_humble/install/sensor_msgs/share/sensor_msgs/cmake)
-- Found ament_lint_auto: 0.12.14 (/home/vsohani/ros2_humble/install/ament_lint_auto/share/ament_lint_auto/cmake)
-- Added test 'cppcheck' to perform static code analysis on C / C++ code
-- Configured cppcheck include dirs: /home/vsohani/ros2_humble/src/sensor_manager_ros/include
-- Configured cppcheck exclude dirs and/or files: 
-- Added test 'lint_cmake' to check CMake code style
-- Added test 'uncrustify' to check C / C++ code style
-- Configured uncrustify additional arguments: 
-- Added test 'xmllint' to check XML markup files
-- Configuring done
-- Generating done
-- Build files have been written to: /home/vsohani/ros2_humble/src/sensor_manager_ros/build/sensor_manager_ros
[ 85%] [32mBuilding CXX object CMakeFiles/sensor_manager_node.dir/src/SensorManager.cpp.o[0m
[ 85%] [32mBuilding CXX object CMakeFiles/sensor_manager_node.dir/src/TemperatureSensor.cpp.o[0m
[ 85%] [32mBuilding CXX object CMakeFiles/sensor_manager_node.dir/src/LidarSensor.cpp.o[0m
[ 85%] [32mBuilding CXX object CMakeFiles/sensor_manager_node.dir/src/UltraSonicSensor.cpp.o[0m
[ 85%] [32mBuilding CXX object CMakeFiles/sensor_manager_node.dir/src/sensor_manager_node.cpp.o[0m
[ 85%] [32mBuilding CXX object CMakeFiles/sensor_manager_node.dir/src/Sensor.cpp.o[0m
[01m[K/home/vsohani/ros2_humble/src/sensor_manager_ros/src/Sensor.cpp:[m[K In member function â€˜[01m[Kvirtual bool Sensor::validateReading(float)[m[Kâ€™:
[01m[K/home/vsohani/ros2_humble/src/sensor_manager_ros/src/Sensor.cpp:17:36:[m[K [01;35m[Kwarning: [m[Kunused parameter â€˜[01m[Kvalue[m[Kâ€™ [[01;35m[K]8;;https://gcc.gnu.org/onlinedocs/gcc/Warning-Options.html#index-Wunused-parameter-Wunused-parameter]8;;[m[K]
   17 | bool Sensor::validateReading([01;35m[Kfloat value[m[K){
      |                              [01;35m[K~~~~~~^~~~~[m[K
[01m[K/home/vsohani/ros2_humble/src/sensor_manager_ros/src/LidarSensor.cpp:[m[K In member function â€˜[01m[Kvirtual void LidarSensor::addSummaryFromScan(const std::vector<float>&, double)[m[Kâ€™:
[01m[K/home/vsohani/ros2_humble/src/sensor_manager_ros/src/LidarSensor.cpp:60:12:[m[K [01;31m[Kerror: [m[Kredeclaration of â€˜[01m[Kdouble variance_sum[m[Kâ€™
   60 |     double [01;31m[Kvariance_sum[m[K = 0.0;
      |            [01;31m[K^~~~~~~~~~~~[m[K
[01m[K/home/vsohani/ros2_humble/src/sensor_manager_ros/src/LidarSensor.cpp:40:12:[m[K [01;36m[Knote: [m[Kâ€˜[01m[Kdouble variance_sum[m[Kâ€™ previously declared here
   40 |     double [01;36m[Kvariance_sum[m[K = 0;
      |            [01;36m[K^~~~~~~~~~~~[m[K
gmake[2]: *** [CMakeFiles/sensor_manager_node.dir/build.make:132: CMakeFiles/sensor_manager_node.dir/src/LidarSensor.cpp.o] Error 1
gmake[2]: *** Waiting for unfinished jobs....
gmake[1]: *** [CMakeFiles/Makefile2:137: CMakeFiles/sensor_manager_node.dir/all] Error 2
gmake: *** [Makefile:146: all] Error 2
