[0.038s] Invoking command in '/home/vsohani/ros2_humble/src/sensor_manager_ros/build/sensor_manager_ros': CMAKE_PREFIX_PATH=${CMAKE_PREFIX_PATH}:/home/vsohani/ros2_humble/src/turtlebot3_ws/install/turtlebot3_teleop:/home/vsohani/ros2_humble/src/turtlebot3_ws/install/turtlebot3_example:/opt/ros/humble:/home/vsohani/ros2_humble/install/rqt_bag_plugins:/home/vsohani/ros2_humble/install/rqt_bag:/home/vsohani/ros2_humble/install/launch_testing_examples:/home/vsohani/ros2_humble/install/ros2bag:/home/vsohani/ros2_humble/install/turtlebot3_example:/home/vsohani/ros2_humble/install/turtlebot3_teleop:/home/vsohani/ros2_humble/install/tracetools_test:/home/vsohani/ros2_humble/install/tracetools_launch:/home/vsohani/ros2_humble/install/topic_monitor:/home/vsohani/ros2_humble/install/tf2_tools:/home/vsohani/ros2_humble/install/examples_tf2_py:/home/vsohani/ros2_humble/install/tf2_ros_py:/home/vsohani/ros2_humble/install/sros2:/home/vsohani/ros2_humble/install/rqt_topic:/home/vsohani/ros2_humble/install/rqt_srv:/home/vsohani/ros2_humble/install/rqt_shell:/home/vsohani/ros2_humble/install/rqt_service_caller:/home/vsohani/ros2_humble/install/rqt_reconfigure:/home/vsohani/ros2_humble/install/rqt_py_console:/home/vsohani/ros2_humble/install/rqt_publisher:/home/vsohani/ros2_humble/install/rqt_plot:/home/vsohani/ros2_humble/install/rqt_action:/home/vsohani/ros2_humble/install/rqt_msg:/home/vsohani/ros2_humble/install/rqt_console:/home/vsohani/ros2_humble/install/rqt:/home/vsohani/ros2_humble/install/rqt_graph:/home/vsohani/ros2_humble/install/rqt_gui_py:/home/vsohani/ros2_humble/install/rqt_gui:/home/vsohani/ros2_humble/install/ros2trace:/home/vsohani/ros2_humble/install/ros2topic:/home/vsohani/ros2_humble/install/ros2test:/home/vsohani/ros2_humble/install/ros2component:/home/vsohani/ros2_humble/install/ros2param:/home/vsohani/ros2_humble/install/ros2lifecycle:/home/vsohani/ros2_humble/install/ros2service:/home/vsohani/ros2_humble/install/ros2run:/home/vsohani/ros2_humble/install/ros2launch:/home/vsohani/ros2_humble/install/ros2pkg:/home/vsohani/ros2_humble/install/ros2node:/home/vsohani/ros2_humble/install/ros2multicast:/home/vsohani/ros2_humble/install/ros2interface:/home/vsohani/ros2_humble/install/ros2doctor:/home/vsohani/ros2_humble/install/ros2action:/home/vsohani/ros2_humble/install/ros2cli:/home/vsohani/ros2_humble/install/quality_of_service_demo_py:/home/vsohani/ros2_humble/install/lifecycle_py:/home/vsohani/ros2_humble/install/launch_testing_ros:/home/vsohani/ros2_humble/install/launch_ros:/home/vsohani/ros2_humble/install/examples_rclpy_pointcloud_publisher:/home/vsohani/ros2_humble/install/examples_rclpy_minimal_subscriber:/home/vsohani/ros2_humble/install/examples_rclpy_minimal_service:/home/vsohani/ros2_humble/install/examples_rclpy_minimal_publisher:/home/vsohani/ros2_humble/install/examples_rclpy_minimal_client:/home/vsohani/ros2_humble/install/examples_rclpy_minimal_action_server:/home/vsohani/ros2_humble/install/examples_rclpy_minimal_action_client:/home/vsohani/ros2_humble/install/examples_rclpy_guard_conditions:/home/vsohani/ros2_humble/install/examples_rclpy_executors:/home/vsohani/ros2_humble/install/demo_nodes_py:/home/vsohani/ros2_humble/install/camera_info_manager_py:/home/vsohani/ros2_humble/install/action_tutorials_py:/home/vsohani/ros2_humble/install/ament_uncrustify:/home/vsohani/ros2_humble/install/tracetools_trace:/home/vsohani/ros2_humble/install/tracetools_read:/home/vsohani/ros2_humble/install/test_tracetools_launch:/home/vsohani/ros2_humble/install/test_launch_ros:/home/vsohani/ros2_humble/install/sensor_msgs_py:/home/vsohani/ros2_humble/install/rpyutils:/home/vsohani/ros2_humble/install/rosidl_runtime_py:/home/vsohani/ros2_humble/install/rosidl_cli:/home/vsohani/ros2_humble/install/launch_pytest:/home/vsohani/ros2_humble/install/launch_testing:/home/vsohani/ros2_humble/install/launch_yaml:/home/vsohani/ros2_humble/install/launch_xml:/home/vsohani/ros2_humble/install/launch:/home/vsohani/ros2_humble/install/osrf_pycommon:/home/vsohani/ros2_humble/install/domain_coordinator:/home/vsohani/ros2_humble/install/ament_xmllint:/home/vsohani/ros2_humble/install/ament_pyflakes:/home/vsohani/ros2_humble/install/ament_pycodestyle:/home/vsohani/ros2_humble/install/ament_pep257:/home/vsohani/ros2_humble/install/ament_pclint:/home/vsohani/ros2_humble/install/ament_package:/home/vsohani/ros2_humble/install/ament_mypy:/home/vsohani/ros2_humble/install/ament_lint_cmake:/home/vsohani/ros2_humble/install/ament_flake8:/home/vsohani/ros2_humble/install/ament_copyright:/home/vsohani/ros2_humble/install/ament_lint:/home/vsohani/ros2_humble/install/ament_index_python:/home/vsohani/ros2_humble/install/ament_cpplint:/home/vsohani/ros2_humble/install/ament_cppcheck:/home/vsohani/ros2_humble/install/ament_clang_tidy:/home/vsohani/ros2_humble/install/ament_clang_format /usr/bin/cmake /home/vsohani/ros2_humble/src/sensor_manager_ros -DCMAKE_INSTALL_PREFIX=/home/vsohani/ros2_humble/src/sensor_manager_ros/install/sensor_manager_ros
[0.157s] -- The C compiler identification is GNU 11.4.0
[0.238s] -- The CXX compiler identification is GNU 11.4.0
[0.248s] -- Detecting C compiler ABI info
[0.362s] -- Detecting C compiler ABI info - done
[0.367s] -- Check for working C compiler: /usr/bin/cc - skipped
[0.367s] -- Detecting C compile features
[0.368s] -- Detecting C compile features - done
[0.370s] -- Detecting CXX compiler ABI info
[0.489s] -- Detecting CXX compiler ABI info - done
[0.494s] -- Check for working CXX compiler: /usr/bin/c++ - skipped
[0.494s] -- Detecting CXX compile features
[0.494s] -- Detecting CXX compile features - done
[0.521s] -- Found ament_cmake: 1.3.12 (/home/vsohani/ros2_humble/install/ament_cmake/share/ament_cmake/cmake)
[1.042s] -- Found Python3: /usr/bin/python3 (found version "3.10.12") found components: Interpreter 
[1.495s] -- Found rclcpp: 16.0.14 (/home/vsohani/ros2_humble/install/rclcpp/share/rclcpp/cmake)
[1.696s] -- Found rosidl_generator_c: 3.1.7 (/home/vsohani/ros2_humble/install/rosidl_generator_c/share/rosidl_generator_c/cmake)
[1.726s] -- Found rosidl_adapter: 3.1.7 (/home/vsohani/ros2_humble/install/rosidl_adapter/share/rosidl_adapter/cmake)
[1.765s] -- Found rosidl_generator_cpp: 3.1.7 (/home/vsohani/ros2_humble/install/rosidl_generator_cpp/share/rosidl_generator_cpp/cmake)
[1.827s] -- Using all available rosidl_typesupport_c: rosidl_typesupport_fastrtps_c;rosidl_typesupport_introspection_c
[1.909s] -- Using all available rosidl_typesupport_cpp: rosidl_typesupport_fastrtps_cpp;rosidl_typesupport_introspection_cpp
[2.103s] -- Found rmw_implementation_cmake: 6.1.2 (/home/vsohani/ros2_humble/install/rmw_implementation_cmake/share/rmw_implementation_cmake/cmake)
[2.143s] -- Found rmw_fastrtps_cpp: 6.2.8 (/home/vsohani/ros2_humble/install/rmw_fastrtps_cpp/share/rmw_fastrtps_cpp/cmake)
[2.436s] -- Found OpenSSL: /usr/lib/x86_64-linux-gnu/libcrypto.so (found version "3.0.2")  
[2.500s] -- Found FastRTPS: /home/vsohani/ros2_humble/install/fastrtps/include  
[2.614s] -- Using RMW implementation 'rmw_fastrtps_cpp' as default
[2.673s] -- Looking for pthread.h
[2.792s] -- Looking for pthread.h - found
[2.792s] -- Performing Test CMAKE_HAVE_LIBC_PTHREAD
[2.910s] -- Performing Test CMAKE_HAVE_LIBC_PTHREAD - Success
[2.911s] -- Found Threads: TRUE  
[3.041s] -- Found sensor_msgs: 4.9.0 (/home/vsohani/ros2_humble/install/sensor_msgs/share/sensor_msgs/cmake)
[3.150s] -- Found ament_lint_auto: 0.12.14 (/home/vsohani/ros2_humble/install/ament_lint_auto/share/ament_lint_auto/cmake)
[3.444s] -- Added test 'cppcheck' to perform static code analysis on C / C++ code
[3.444s] -- Configured cppcheck include dirs: /home/vsohani/ros2_humble/src/sensor_manager_ros/include
[3.444s] -- Configured cppcheck exclude dirs and/or files: 
[3.451s] -- Added test 'lint_cmake' to check CMake code style
[3.462s] -- Added test 'uncrustify' to check C / C++ code style
[3.462s] -- Configured uncrustify additional arguments: 
[3.467s] -- Added test 'xmllint' to check XML markup files
[3.476s] -- Configuring done
[3.488s] -- Generating done
[3.491s] -- Build files have been written to: /home/vsohani/ros2_humble/src/sensor_manager_ros/build/sensor_manager_ros
[3.499s] Invoked command in '/home/vsohani/ros2_humble/src/sensor_manager_ros/build/sensor_manager_ros' returned '0': CMAKE_PREFIX_PATH=${CMAKE_PREFIX_PATH}:/home/vsohani/ros2_humble/src/turtlebot3_ws/install/turtlebot3_teleop:/home/vsohani/ros2_humble/src/turtlebot3_ws/install/turtlebot3_example:/opt/ros/humble:/home/vsohani/ros2_humble/install/rqt_bag_plugins:/home/vsohani/ros2_humble/install/rqt_bag:/home/vsohani/ros2_humble/install/launch_testing_examples:/home/vsohani/ros2_humble/install/ros2bag:/home/vsohani/ros2_humble/install/turtlebot3_example:/home/vsohani/ros2_humble/install/turtlebot3_teleop:/home/vsohani/ros2_humble/install/tracetools_test:/home/vsohani/ros2_humble/install/tracetools_launch:/home/vsohani/ros2_humble/install/topic_monitor:/home/vsohani/ros2_humble/install/tf2_tools:/home/vsohani/ros2_humble/install/examples_tf2_py:/home/vsohani/ros2_humble/install/tf2_ros_py:/home/vsohani/ros2_humble/install/sros2:/home/vsohani/ros2_humble/install/rqt_topic:/home/vsohani/ros2_humble/install/rqt_srv:/home/vsohani/ros2_humble/install/rqt_shell:/home/vsohani/ros2_humble/install/rqt_service_caller:/home/vsohani/ros2_humble/install/rqt_reconfigure:/home/vsohani/ros2_humble/install/rqt_py_console:/home/vsohani/ros2_humble/install/rqt_publisher:/home/vsohani/ros2_humble/install/rqt_plot:/home/vsohani/ros2_humble/install/rqt_action:/home/vsohani/ros2_humble/install/rqt_msg:/home/vsohani/ros2_humble/install/rqt_console:/home/vsohani/ros2_humble/install/rqt:/home/vsohani/ros2_humble/install/rqt_graph:/home/vsohani/ros2_humble/install/rqt_gui_py:/home/vsohani/ros2_humble/install/rqt_gui:/home/vsohani/ros2_humble/install/ros2trace:/home/vsohani/ros2_humble/install/ros2topic:/home/vsohani/ros2_humble/install/ros2test:/home/vsohani/ros2_humble/install/ros2component:/home/vsohani/ros2_humble/install/ros2param:/home/vsohani/ros2_humble/install/ros2lifecycle:/home/vsohani/ros2_humble/install/ros2service:/home/vsohani/ros2_humble/install/ros2run:/home/vsohani/ros2_humble/install/ros2launch:/home/vsohani/ros2_humble/install/ros2pkg:/home/vsohani/ros2_humble/install/ros2node:/home/vsohani/ros2_humble/install/ros2multicast:/home/vsohani/ros2_humble/install/ros2interface:/home/vsohani/ros2_humble/install/ros2doctor:/home/vsohani/ros2_humble/install/ros2action:/home/vsohani/ros2_humble/install/ros2cli:/home/vsohani/ros2_humble/install/quality_of_service_demo_py:/home/vsohani/ros2_humble/install/lifecycle_py:/home/vsohani/ros2_humble/install/launch_testing_ros:/home/vsohani/ros2_humble/install/launch_ros:/home/vsohani/ros2_humble/install/examples_rclpy_pointcloud_publisher:/home/vsohani/ros2_humble/install/examples_rclpy_minimal_subscriber:/home/vsohani/ros2_humble/install/examples_rclpy_minimal_service:/home/vsohani/ros2_humble/install/examples_rclpy_minimal_publisher:/home/vsohani/ros2_humble/install/examples_rclpy_minimal_client:/home/vsohani/ros2_humble/install/examples_rclpy_minimal_action_server:/home/vsohani/ros2_humble/install/examples_rclpy_minimal_action_client:/home/vsohani/ros2_humble/install/examples_rclpy_guard_conditions:/home/vsohani/ros2_humble/install/examples_rclpy_executors:/home/vsohani/ros2_humble/install/demo_nodes_py:/home/vsohani/ros2_humble/install/camera_info_manager_py:/home/vsohani/ros2_humble/install/action_tutorials_py:/home/vsohani/ros2_humble/install/ament_uncrustify:/home/vsohani/ros2_humble/install/tracetools_trace:/home/vsohani/ros2_humble/install/tracetools_read:/home/vsohani/ros2_humble/install/test_tracetools_launch:/home/vsohani/ros2_humble/install/test_launch_ros:/home/vsohani/ros2_humble/install/sensor_msgs_py:/home/vsohani/ros2_humble/install/rpyutils:/home/vsohani/ros2_humble/install/rosidl_runtime_py:/home/vsohani/ros2_humble/install/rosidl_cli:/home/vsohani/ros2_humble/install/launch_pytest:/home/vsohani/ros2_humble/install/launch_testing:/home/vsohani/ros2_humble/install/launch_yaml:/home/vsohani/ros2_humble/install/launch_xml:/home/vsohani/ros2_humble/install/launch:/home/vsohani/ros2_humble/install/osrf_pycommon:/home/vsohani/ros2_humble/install/domain_coordinator:/home/vsohani/ros2_humble/install/ament_xmllint:/home/vsohani/ros2_humble/install/ament_pyflakes:/home/vsohani/ros2_humble/install/ament_pycodestyle:/home/vsohani/ros2_humble/install/ament_pep257:/home/vsohani/ros2_humble/install/ament_pclint:/home/vsohani/ros2_humble/install/ament_package:/home/vsohani/ros2_humble/install/ament_mypy:/home/vsohani/ros2_humble/install/ament_lint_cmake:/home/vsohani/ros2_humble/install/ament_flake8:/home/vsohani/ros2_humble/install/ament_copyright:/home/vsohani/ros2_humble/install/ament_lint:/home/vsohani/ros2_humble/install/ament_index_python:/home/vsohani/ros2_humble/install/ament_cpplint:/home/vsohani/ros2_humble/install/ament_cppcheck:/home/vsohani/ros2_humble/install/ament_clang_tidy:/home/vsohani/ros2_humble/install/ament_clang_format /usr/bin/cmake /home/vsohani/ros2_humble/src/sensor_manager_ros -DCMAKE_INSTALL_PREFIX=/home/vsohani/ros2_humble/src/sensor_manager_ros/install/sensor_manager_ros
[3.501s] Invoking command in '/home/vsohani/ros2_humble/src/sensor_manager_ros/build/sensor_manager_ros': CMAKE_PREFIX_PATH=${CMAKE_PREFIX_PATH}:/home/vsohani/ros2_humble/src/turtlebot3_ws/install/turtlebot3_teleop:/home/vsohani/ros2_humble/src/turtlebot3_ws/install/turtlebot3_example:/opt/ros/humble:/home/vsohani/ros2_humble/install/rqt_bag_plugins:/home/vsohani/ros2_humble/install/rqt_bag:/home/vsohani/ros2_humble/install/launch_testing_examples:/home/vsohani/ros2_humble/install/ros2bag:/home/vsohani/ros2_humble/install/turtlebot3_example:/home/vsohani/ros2_humble/install/turtlebot3_teleop:/home/vsohani/ros2_humble/install/tracetools_test:/home/vsohani/ros2_humble/install/tracetools_launch:/home/vsohani/ros2_humble/install/topic_monitor:/home/vsohani/ros2_humble/install/tf2_tools:/home/vsohani/ros2_humble/install/examples_tf2_py:/home/vsohani/ros2_humble/install/tf2_ros_py:/home/vsohani/ros2_humble/install/sros2:/home/vsohani/ros2_humble/install/rqt_topic:/home/vsohani/ros2_humble/install/rqt_srv:/home/vsohani/ros2_humble/install/rqt_shell:/home/vsohani/ros2_humble/install/rqt_service_caller:/home/vsohani/ros2_humble/install/rqt_reconfigure:/home/vsohani/ros2_humble/install/rqt_py_console:/home/vsohani/ros2_humble/install/rqt_publisher:/home/vsohani/ros2_humble/install/rqt_plot:/home/vsohani/ros2_humble/install/rqt_action:/home/vsohani/ros2_humble/install/rqt_msg:/home/vsohani/ros2_humble/install/rqt_console:/home/vsohani/ros2_humble/install/rqt:/home/vsohani/ros2_humble/install/rqt_graph:/home/vsohani/ros2_humble/install/rqt_gui_py:/home/vsohani/ros2_humble/install/rqt_gui:/home/vsohani/ros2_humble/install/ros2trace:/home/vsohani/ros2_humble/install/ros2topic:/home/vsohani/ros2_humble/install/ros2test:/home/vsohani/ros2_humble/install/ros2component:/home/vsohani/ros2_humble/install/ros2param:/home/vsohani/ros2_humble/install/ros2lifecycle:/home/vsohani/ros2_humble/install/ros2service:/home/vsohani/ros2_humble/install/ros2run:/home/vsohani/ros2_humble/install/ros2launch:/home/vsohani/ros2_humble/install/ros2pkg:/home/vsohani/ros2_humble/install/ros2node:/home/vsohani/ros2_humble/install/ros2multicast:/home/vsohani/ros2_humble/install/ros2interface:/home/vsohani/ros2_humble/install/ros2doctor:/home/vsohani/ros2_humble/install/ros2action:/home/vsohani/ros2_humble/install/ros2cli:/home/vsohani/ros2_humble/install/quality_of_service_demo_py:/home/vsohani/ros2_humble/install/lifecycle_py:/home/vsohani/ros2_humble/install/launch_testing_ros:/home/vsohani/ros2_humble/install/launch_ros:/home/vsohani/ros2_humble/install/examples_rclpy_pointcloud_publisher:/home/vsohani/ros2_humble/install/examples_rclpy_minimal_subscriber:/home/vsohani/ros2_humble/install/examples_rclpy_minimal_service:/home/vsohani/ros2_humble/install/examples_rclpy_minimal_publisher:/home/vsohani/ros2_humble/install/examples_rclpy_minimal_client:/home/vsohani/ros2_humble/install/examples_rclpy_minimal_action_server:/home/vsohani/ros2_humble/install/examples_rclpy_minimal_action_client:/home/vsohani/ros2_humble/install/examples_rclpy_guard_conditions:/home/vsohani/ros2_humble/install/examples_rclpy_executors:/home/vsohani/ros2_humble/install/demo_nodes_py:/home/vsohani/ros2_humble/install/camera_info_manager_py:/home/vsohani/ros2_humble/install/action_tutorials_py:/home/vsohani/ros2_humble/install/ament_uncrustify:/home/vsohani/ros2_humble/install/tracetools_trace:/home/vsohani/ros2_humble/install/tracetools_read:/home/vsohani/ros2_humble/install/test_tracetools_launch:/home/vsohani/ros2_humble/install/test_launch_ros:/home/vsohani/ros2_humble/install/sensor_msgs_py:/home/vsohani/ros2_humble/install/rpyutils:/home/vsohani/ros2_humble/install/rosidl_runtime_py:/home/vsohani/ros2_humble/install/rosidl_cli:/home/vsohani/ros2_humble/install/launch_pytest:/home/vsohani/ros2_humble/install/launch_testing:/home/vsohani/ros2_humble/install/launch_yaml:/home/vsohani/ros2_humble/install/launch_xml:/home/vsohani/ros2_humble/install/launch:/home/vsohani/ros2_humble/install/osrf_pycommon:/home/vsohani/ros2_humble/install/domain_coordinator:/home/vsohani/ros2_humble/install/ament_xmllint:/home/vsohani/ros2_humble/install/ament_pyflakes:/home/vsohani/ros2_humble/install/ament_pycodestyle:/home/vsohani/ros2_humble/install/ament_pep257:/home/vsohani/ros2_humble/install/ament_pclint:/home/vsohani/ros2_humble/install/ament_package:/home/vsohani/ros2_humble/install/ament_mypy:/home/vsohani/ros2_humble/install/ament_lint_cmake:/home/vsohani/ros2_humble/install/ament_flake8:/home/vsohani/ros2_humble/install/ament_copyright:/home/vsohani/ros2_humble/install/ament_lint:/home/vsohani/ros2_humble/install/ament_index_python:/home/vsohani/ros2_humble/install/ament_cpplint:/home/vsohani/ros2_humble/install/ament_cppcheck:/home/vsohani/ros2_humble/install/ament_clang_tidy:/home/vsohani/ros2_humble/install/ament_clang_format /usr/bin/cmake --build /home/vsohani/ros2_humble/src/sensor_manager_ros/build/sensor_manager_ros -- -j16 -l16
[3.608s] [ 85%] [32mBuilding CXX object CMakeFiles/sensor_manager_node.dir/src/SensorManager.cpp.o[0m
[3.608s] [ 85%] [32mBuilding CXX object CMakeFiles/sensor_manager_node.dir/src/TemperatureSensor.cpp.o[0m
[3.608s] [ 85%] [32mBuilding CXX object CMakeFiles/sensor_manager_node.dir/src/LidarSensor.cpp.o[0m
[3.608s] [ 85%] [32mBuilding CXX object CMakeFiles/sensor_manager_node.dir/src/UltraSonicSensor.cpp.o[0m
[3.608s] [ 85%] [32mBuilding CXX object CMakeFiles/sensor_manager_node.dir/src/sensor_manager_node.cpp.o[0m
[3.608s] [ 85%] [32mBuilding CXX object CMakeFiles/sensor_manager_node.dir/src/Sensor.cpp.o[0m
[3.851s] [01m[K/home/vsohani/ros2_humble/src/sensor_manager_ros/src/Sensor.cpp:[m[K In member function â€˜[01m[Kvirtual bool Sensor::validateReading(float)[m[Kâ€™:
[3.851s] [01m[K/home/vsohani/ros2_humble/src/sensor_manager_ros/src/Sensor.cpp:17:36:[m[K [01;35m[Kwarning: [m[Kunused parameter â€˜[01m[Kvalue[m[Kâ€™ [[01;35m[K]8;;https://gcc.gnu.org/onlinedocs/gcc/Warning-Options.html#index-Wunused-parameter-Wunused-parameter]8;;[m[K]
[3.851s]    17 | bool Sensor::validateReading([01;35m[Kfloat value[m[K){
[3.851s]       |                              [01;35m[K~~~~~~^~~~~[m[K
[3.883s] [01m[K/home/vsohani/ros2_humble/src/sensor_manager_ros/src/LidarSensor.cpp:[m[K In member function â€˜[01m[Kvirtual void LidarSensor::addSummaryFromScan(const std::vector<float>&, double)[m[Kâ€™:
[3.884s] [01m[K/home/vsohani/ros2_humble/src/sensor_manager_ros/src/LidarSensor.cpp:60:12:[m[K [01;31m[Kerror: [m[Kredeclaration of â€˜[01m[Kdouble variance_sum[m[Kâ€™
[3.884s]    60 |     double [01;31m[Kvariance_sum[m[K = 0.0;
[3.884s]       |            [01;31m[K^~~~~~~~~~~~[m[K
[3.884s] [01m[K/home/vsohani/ros2_humble/src/sensor_manager_ros/src/LidarSensor.cpp:40:12:[m[K [01;36m[Knote: [m[Kâ€˜[01m[Kdouble variance_sum[m[Kâ€™ previously declared here
[3.884s]    40 |     double [01;36m[Kvariance_sum[m[K = 0;
[3.884s]       |            [01;36m[K^~~~~~~~~~~~[m[K
[3.952s] gmake[2]: *** [CMakeFiles/sensor_manager_node.dir/build.make:132: CMakeFiles/sensor_manager_node.dir/src/LidarSensor.cpp.o] Error 1
[3.952s] gmake[2]: *** Waiting for unfinished jobs....
[12.021s] gmake[1]: *** [CMakeFiles/Makefile2:137: CMakeFiles/sensor_manager_node.dir/all] Error 2
[12.022s] gmake: *** [Makefile:146: all] Error 2
[12.024s] Invoked command in '/home/vsohani/ros2_humble/src/sensor_manager_ros/build/sensor_manager_ros' returned '2': CMAKE_PREFIX_PATH=${CMAKE_PREFIX_PATH}:/home/vsohani/ros2_humble/src/turtlebot3_ws/install/turtlebot3_teleop:/home/vsohani/ros2_humble/src/turtlebot3_ws/install/turtlebot3_example:/opt/ros/humble:/home/vsohani/ros2_humble/install/rqt_bag_plugins:/home/vsohani/ros2_humble/install/rqt_bag:/home/vsohani/ros2_humble/install/launch_testing_examples:/home/vsohani/ros2_humble/install/ros2bag:/home/vsohani/ros2_humble/install/turtlebot3_example:/home/vsohani/ros2_humble/install/turtlebot3_teleop:/home/vsohani/ros2_humble/install/tracetools_test:/home/vsohani/ros2_humble/install/tracetools_launch:/home/vsohani/ros2_humble/install/topic_monitor:/home/vsohani/ros2_humble/install/tf2_tools:/home/vsohani/ros2_humble/install/examples_tf2_py:/home/vsohani/ros2_humble/install/tf2_ros_py:/home/vsohani/ros2_humble/install/sros2:/home/vsohani/ros2_humble/install/rqt_topic:/home/vsohani/ros2_humble/install/rqt_srv:/home/vsohani/ros2_humble/install/rqt_shell:/home/vsohani/ros2_humble/install/rqt_service_caller:/home/vsohani/ros2_humble/install/rqt_reconfigure:/home/vsohani/ros2_humble/install/rqt_py_console:/home/vsohani/ros2_humble/install/rqt_publisher:/home/vsohani/ros2_humble/install/rqt_plot:/home/vsohani/ros2_humble/install/rqt_action:/home/vsohani/ros2_humble/install/rqt_msg:/home/vsohani/ros2_humble/install/rqt_console:/home/vsohani/ros2_humble/install/rqt:/home/vsohani/ros2_humble/install/rqt_graph:/home/vsohani/ros2_humble/install/rqt_gui_py:/home/vsohani/ros2_humble/install/rqt_gui:/home/vsohani/ros2_humble/install/ros2trace:/home/vsohani/ros2_humble/install/ros2topic:/home/vsohani/ros2_humble/install/ros2test:/home/vsohani/ros2_humble/install/ros2component:/home/vsohani/ros2_humble/install/ros2param:/home/vsohani/ros2_humble/install/ros2lifecycle:/home/vsohani/ros2_humble/install/ros2service:/home/vsohani/ros2_humble/install/ros2run:/home/vsohani/ros2_humble/install/ros2launch:/home/vsohani/ros2_humble/install/ros2pkg:/home/vsohani/ros2_humble/install/ros2node:/home/vsohani/ros2_humble/install/ros2multicast:/home/vsohani/ros2_humble/install/ros2interface:/home/vsohani/ros2_humble/install/ros2doctor:/home/vsohani/ros2_humble/install/ros2action:/home/vsohani/ros2_humble/install/ros2cli:/home/vsohani/ros2_humble/install/quality_of_service_demo_py:/home/vsohani/ros2_humble/install/lifecycle_py:/home/vsohani/ros2_humble/install/launch_testing_ros:/home/vsohani/ros2_humble/install/launch_ros:/home/vsohani/ros2_humble/install/examples_rclpy_pointcloud_publisher:/home/vsohani/ros2_humble/install/examples_rclpy_minimal_subscriber:/home/vsohani/ros2_humble/install/examples_rclpy_minimal_service:/home/vsohani/ros2_humble/install/examples_rclpy_minimal_publisher:/home/vsohani/ros2_humble/install/examples_rclpy_minimal_client:/home/vsohani/ros2_humble/install/examples_rclpy_minimal_action_server:/home/vsohani/ros2_humble/install/examples_rclpy_minimal_action_client:/home/vsohani/ros2_humble/install/examples_rclpy_guard_conditions:/home/vsohani/ros2_humble/install/examples_rclpy_executors:/home/vsohani/ros2_humble/install/demo_nodes_py:/home/vsohani/ros2_humble/install/camera_info_manager_py:/home/vsohani/ros2_humble/install/action_tutorials_py:/home/vsohani/ros2_humble/install/ament_uncrustify:/home/vsohani/ros2_humble/install/tracetools_trace:/home/vsohani/ros2_humble/install/tracetools_read:/home/vsohani/ros2_humble/install/test_tracetools_launch:/home/vsohani/ros2_humble/install/test_launch_ros:/home/vsohani/ros2_humble/install/sensor_msgs_py:/home/vsohani/ros2_humble/install/rpyutils:/home/vsohani/ros2_humble/install/rosidl_runtime_py:/home/vsohani/ros2_humble/install/rosidl_cli:/home/vsohani/ros2_humble/install/launch_pytest:/home/vsohani/ros2_humble/install/launch_testing:/home/vsohani/ros2_humble/install/launch_yaml:/home/vsohani/ros2_humble/install/launch_xml:/home/vsohani/ros2_humble/install/launch:/home/vsohani/ros2_humble/install/osrf_pycommon:/home/vsohani/ros2_humble/install/domain_coordinator:/home/vsohani/ros2_humble/install/ament_xmllint:/home/vsohani/ros2_humble/install/ament_pyflakes:/home/vsohani/ros2_humble/install/ament_pycodestyle:/home/vsohani/ros2_humble/install/ament_pep257:/home/vsohani/ros2_humble/install/ament_pclint:/home/vsohani/ros2_humble/install/ament_package:/home/vsohani/ros2_humble/install/ament_mypy:/home/vsohani/ros2_humble/install/ament_lint_cmake:/home/vsohani/ros2_humble/install/ament_flake8:/home/vsohani/ros2_humble/install/ament_copyright:/home/vsohani/ros2_humble/install/ament_lint:/home/vsohani/ros2_humble/install/ament_index_python:/home/vsohani/ros2_humble/install/ament_cpplint:/home/vsohani/ros2_humble/install/ament_cppcheck:/home/vsohani/ros2_humble/install/ament_clang_tidy:/home/vsohani/ros2_humble/install/ament_clang_format /usr/bin/cmake --build /home/vsohani/ros2_humble/src/sensor_manager_ros/build/sensor_manager_ros -- -j16 -l16
