[01m[K/home/vsohani/ros2_humble/src/sensor_manager_ros/src/sensor_manager_node.cpp:[m[K In member function â€˜[01m[Kvoid SensorManagerNode::callback(sensor_msgs::msg::LaserScan_<std::allocator<void> >::SharedPtr)[m[Kâ€™:
[01m[K/home/vsohani/ros2_humble/src/sensor_manager_ros/src/sensor_manager_node.cpp:24:18:[m[K [01;31m[Kerror: [m[Kexpected primary-expression before â€˜[01m[K=[m[Kâ€™ token
   24 |                  [01;31m[K=[m[K msg->ranges;
      |                  [01;31m[K^[m[K
[01m[K/home/vsohani/ros2_humble/src/sensor_manager_ros/src/sensor_manager_node.cpp:[m[K In function â€˜[01m[Kint main(int, char**)[m[Kâ€™:
[01m[K/home/vsohani/ros2_humble/src/sensor_manager_ros/src/sensor_manager_node.cpp:44:9:[m[K [01;31m[Kerror: [m[Kâ€˜[01m[Klidar_summary[m[Kâ€™ was not declared in this scope; did you mean â€˜[01m[KLidarSummary[m[Kâ€™?
   44 |         [01;31m[Klidar_summary[m[K.addSummaryFromScan(ranges, timestamp);
      |         [01;31m[K^~~~~~~~~~~~~[m[K
      |         [32m[KLidarSummary[m[K
[01m[K/home/vsohani/ros2_humble/src/sensor_manager_ros/src/sensor_manager_node.cpp:44:42:[m[K [01;31m[Kerror: [m[Kâ€˜[01m[Kranges[m[Kâ€™ was not declared in this scope
   44 |         lidar_summary.addSummaryFromScan([01;31m[Kranges[m[K, timestamp);
      |                                          [01;31m[K^~~~~~[m[K
[01m[K/home/vsohani/ros2_humble/src/sensor_manager_ros/src/sensor_manager_node.cpp:44:50:[m[K [01;31m[Kerror: [m[Kâ€˜[01m[Ktimestamp[m[Kâ€™ was not declared in this scope
   44 |         lidar_summary.addSummaryFromScan(ranges, [01;31m[Ktimestamp[m[K);
      |                                                  [01;31m[K^~~~~~~~~[m[K
gmake[2]: *** [CMakeFiles/sensor_manager_node.dir/build.make:76: CMakeFiles/sensor_manager_node.dir/src/sensor_manager_node.cpp.o] Error 1
gmake[1]: *** [CMakeFiles/Makefile2:137: CMakeFiles/sensor_manager_node.dir/all] Error 2
gmake: *** [Makefile:146: all] Error 2
