[0.037s] Invoking command in '/home/vsohani/ros2_humble/src/sensor_manager_ros/build/sensor_manager_ros': CMAKE_PREFIX_PATH=${CMAKE_PREFIX_PATH}:/home/vsohani/ros2_humble/src/turtlebot3_ws/install/turtlebot3_teleop:/home/vsohani/ros2_humble/src/turtlebot3_ws/install/turtlebot3_example:/opt/ros/humble:/home/vsohani/ros2_humble/install/rqt_bag_plugins:/home/vsohani/ros2_humble/install/rqt_bag:/home/vsohani/ros2_humble/install/launch_testing_examples:/home/vsohani/ros2_humble/install/ros2bag:/home/vsohani/ros2_humble/install/turtlebot3_example:/home/vsohani/ros2_humble/install/turtlebot3_teleop:/home/vsohani/ros2_humble/install/tracetools_test:/home/vsohani/ros2_humble/install/tracetools_launch:/home/vsohani/ros2_humble/install/topic_monitor:/home/vsohani/ros2_humble/install/tf2_tools:/home/vsohani/ros2_humble/install/examples_tf2_py:/home/vsohani/ros2_humble/install/tf2_ros_py:/home/vsohani/ros2_humble/install/sros2:/home/vsohani/ros2_humble/install/rqt_topic:/home/vsohani/ros2_humble/install/rqt_srv:/home/vsohani/ros2_humble/install/rqt_shell:/home/vsohani/ros2_humble/install/rqt_service_caller:/home/vsohani/ros2_humble/install/rqt_reconfigure:/home/vsohani/ros2_humble/install/rqt_py_console:/home/vsohani/ros2_humble/install/rqt_publisher:/home/vsohani/ros2_humble/install/rqt_plot:/home/vsohani/ros2_humble/install/rqt_action:/home/vsohani/ros2_humble/install/rqt_msg:/home/vsohani/ros2_humble/install/rqt_console:/home/vsohani/ros2_humble/install/rqt:/home/vsohani/ros2_humble/install/rqt_graph:/home/vsohani/ros2_humble/install/rqt_gui_py:/home/vsohani/ros2_humble/install/rqt_gui:/home/vsohani/ros2_humble/install/ros2trace:/home/vsohani/ros2_humble/install/ros2topic:/home/vsohani/ros2_humble/install/ros2test:/home/vsohani/ros2_humble/install/ros2component:/home/vsohani/ros2_humble/install/ros2param:/home/vsohani/ros2_humble/install/ros2lifecycle:/home/vsohani/ros2_humble/install/ros2service:/home/vsohani/ros2_humble/install/ros2run:/home/vsohani/ros2_humble/install/ros2launch:/home/vsohani/ros2_humble/install/ros2pkg:/home/vsohani/ros2_humble/install/ros2node:/home/vsohani/ros2_humble/install/ros2multicast:/home/vsohani/ros2_humble/install/ros2interface:/home/vsohani/ros2_humble/install/ros2doctor:/home/vsohani/ros2_humble/install/ros2action:/home/vsohani/ros2_humble/install/ros2cli:/home/vsohani/ros2_humble/install/quality_of_service_demo_py:/home/vsohani/ros2_humble/install/lifecycle_py:/home/vsohani/ros2_humble/install/launch_testing_ros:/home/vsohani/ros2_humble/install/launch_ros:/home/vsohani/ros2_humble/install/examples_rclpy_pointcloud_publisher:/home/vsohani/ros2_humble/install/examples_rclpy_minimal_subscriber:/home/vsohani/ros2_humble/install/examples_rclpy_minimal_service:/home/vsohani/ros2_humble/install/examples_rclpy_minimal_publisher:/home/vsohani/ros2_humble/install/examples_rclpy_minimal_client:/home/vsohani/ros2_humble/install/examples_rclpy_minimal_action_server:/home/vsohani/ros2_humble/install/examples_rclpy_minimal_action_client:/home/vsohani/ros2_humble/install/examples_rclpy_guard_conditions:/home/vsohani/ros2_humble/install/examples_rclpy_executors:/home/vsohani/ros2_humble/install/demo_nodes_py:/home/vsohani/ros2_humble/install/camera_info_manager_py:/home/vsohani/ros2_humble/install/action_tutorials_py:/home/vsohani/ros2_humble/install/ament_uncrustify:/home/vsohani/ros2_humble/install/tracetools_trace:/home/vsohani/ros2_humble/install/tracetools_read:/home/vsohani/ros2_humble/install/test_tracetools_launch:/home/vsohani/ros2_humble/install/test_launch_ros:/home/vsohani/ros2_humble/install/sensor_msgs_py:/home/vsohani/ros2_humble/install/rpyutils:/home/vsohani/ros2_humble/install/rosidl_runtime_py:/home/vsohani/ros2_humble/install/rosidl_cli:/home/vsohani/ros2_humble/install/launch_pytest:/home/vsohani/ros2_humble/install/launch_testing:/home/vsohani/ros2_humble/install/launch_yaml:/home/vsohani/ros2_humble/install/launch_xml:/home/vsohani/ros2_humble/install/launch:/home/vsohani/ros2_humble/install/osrf_pycommon:/home/vsohani/ros2_humble/install/domain_coordinator:/home/vsohani/ros2_humble/install/ament_xmllint:/home/vsohani/ros2_humble/install/ament_pyflakes:/home/vsohani/ros2_humble/install/ament_pycodestyle:/home/vsohani/ros2_humble/install/ament_pep257:/home/vsohani/ros2_humble/install/ament_pclint:/home/vsohani/ros2_humble/install/ament_package:/home/vsohani/ros2_humble/install/ament_mypy:/home/vsohani/ros2_humble/install/ament_lint_cmake:/home/vsohani/ros2_humble/install/ament_flake8:/home/vsohani/ros2_humble/install/ament_copyright:/home/vsohani/ros2_humble/install/ament_lint:/home/vsohani/ros2_humble/install/ament_index_python:/home/vsohani/ros2_humble/install/ament_cpplint:/home/vsohani/ros2_humble/install/ament_cppcheck:/home/vsohani/ros2_humble/install/ament_clang_tidy:/home/vsohani/ros2_humble/install/ament_clang_format /usr/bin/cmake --build /home/vsohani/ros2_humble/src/sensor_manager_ros/build/sensor_manager_ros -- -j16 -l16
[0.122s] [35m[1mConsolidate compiler generated dependencies of target sensor_manager_node[0m
[0.161s] [ 14%] [32mBuilding CXX object CMakeFiles/sensor_manager_node.dir/src/sensor_manager_node.cpp.o[0m
[1.948s] [01m[K/home/vsohani/ros2_humble/src/sensor_manager_ros/src/sensor_manager_node.cpp:[m[K In member function â€˜[01m[Kvoid SensorManagerNode::callback(sensor_msgs::msg::LaserScan_<std::allocator<void> >::SharedPtr)[m[Kâ€™:
[1.948s] [01m[K/home/vsohani/ros2_humble/src/sensor_manager_ros/src/sensor_manager_node.cpp:24:18:[m[K [01;31m[Kerror: [m[Kexpected primary-expression before â€˜[01m[K=[m[Kâ€™ token
[1.948s]    24 |                  [01;31m[K=[m[K msg->ranges;
[1.948s]       |                  [01;31m[K^[m[K
[1.954s] [01m[K/home/vsohani/ros2_humble/src/sensor_manager_ros/src/sensor_manager_node.cpp:[m[K In function â€˜[01m[Kint main(int, char**)[m[Kâ€™:
[1.954s] [01m[K/home/vsohani/ros2_humble/src/sensor_manager_ros/src/sensor_manager_node.cpp:44:9:[m[K [01;31m[Kerror: [m[Kâ€˜[01m[Klidar_summary[m[Kâ€™ was not declared in this scope; did you mean â€˜[01m[KLidarSummary[m[Kâ€™?
[1.954s]    44 |         [01;31m[Klidar_summary[m[K.addSummaryFromScan(ranges, timestamp);
[1.954s]       |         [01;31m[K^~~~~~~~~~~~~[m[K
[1.954s]       |         [32m[KLidarSummary[m[K
[1.956s] [01m[K/home/vsohani/ros2_humble/src/sensor_manager_ros/src/sensor_manager_node.cpp:44:42:[m[K [01;31m[Kerror: [m[Kâ€˜[01m[Kranges[m[Kâ€™ was not declared in this scope
[1.956s]    44 |         lidar_summary.addSummaryFromScan([01;31m[Kranges[m[K, timestamp);
[1.956s]       |                                          [01;31m[K^~~~~~[m[K
[1.958s] [01m[K/home/vsohani/ros2_humble/src/sensor_manager_ros/src/sensor_manager_node.cpp:44:50:[m[K [01;31m[Kerror: [m[Kâ€˜[01m[Ktimestamp[m[Kâ€™ was not declared in this scope
[1.958s]    44 |         lidar_summary.addSummaryFromScan(ranges, [01;31m[Ktimestamp[m[K);
[1.958s]       |                                                  [01;31m[K^~~~~~~~~[m[K
[3.813s] gmake[2]: *** [CMakeFiles/sensor_manager_node.dir/build.make:76: CMakeFiles/sensor_manager_node.dir/src/sensor_manager_node.cpp.o] Error 1
[3.813s] gmake[1]: *** [CMakeFiles/Makefile2:137: CMakeFiles/sensor_manager_node.dir/all] Error 2
[3.813s] gmake: *** [Makefile:146: all] Error 2
[3.815s] Invoked command in '/home/vsohani/ros2_humble/src/sensor_manager_ros/build/sensor_manager_ros' returned '2': CMAKE_PREFIX_PATH=${CMAKE_PREFIX_PATH}:/home/vsohani/ros2_humble/src/turtlebot3_ws/install/turtlebot3_teleop:/home/vsohani/ros2_humble/src/turtlebot3_ws/install/turtlebot3_example:/opt/ros/humble:/home/vsohani/ros2_humble/install/rqt_bag_plugins:/home/vsohani/ros2_humble/install/rqt_bag:/home/vsohani/ros2_humble/install/launch_testing_examples:/home/vsohani/ros2_humble/install/ros2bag:/home/vsohani/ros2_humble/install/turtlebot3_example:/home/vsohani/ros2_humble/install/turtlebot3_teleop:/home/vsohani/ros2_humble/install/tracetools_test:/home/vsohani/ros2_humble/install/tracetools_launch:/home/vsohani/ros2_humble/install/topic_monitor:/home/vsohani/ros2_humble/install/tf2_tools:/home/vsohani/ros2_humble/install/examples_tf2_py:/home/vsohani/ros2_humble/install/tf2_ros_py:/home/vsohani/ros2_humble/install/sros2:/home/vsohani/ros2_humble/install/rqt_topic:/home/vsohani/ros2_humble/install/rqt_srv:/home/vsohani/ros2_humble/install/rqt_shell:/home/vsohani/ros2_humble/install/rqt_service_caller:/home/vsohani/ros2_humble/install/rqt_reconfigure:/home/vsohani/ros2_humble/install/rqt_py_console:/home/vsohani/ros2_humble/install/rqt_publisher:/home/vsohani/ros2_humble/install/rqt_plot:/home/vsohani/ros2_humble/install/rqt_action:/home/vsohani/ros2_humble/install/rqt_msg:/home/vsohani/ros2_humble/install/rqt_console:/home/vsohani/ros2_humble/install/rqt:/home/vsohani/ros2_humble/install/rqt_graph:/home/vsohani/ros2_humble/install/rqt_gui_py:/home/vsohani/ros2_humble/install/rqt_gui:/home/vsohani/ros2_humble/install/ros2trace:/home/vsohani/ros2_humble/install/ros2topic:/home/vsohani/ros2_humble/install/ros2test:/home/vsohani/ros2_humble/install/ros2component:/home/vsohani/ros2_humble/install/ros2param:/home/vsohani/ros2_humble/install/ros2lifecycle:/home/vsohani/ros2_humble/install/ros2service:/home/vsohani/ros2_humble/install/ros2run:/home/vsohani/ros2_humble/install/ros2launch:/home/vsohani/ros2_humble/install/ros2pkg:/home/vsohani/ros2_humble/install/ros2node:/home/vsohani/ros2_humble/install/ros2multicast:/home/vsohani/ros2_humble/install/ros2interface:/home/vsohani/ros2_humble/install/ros2doctor:/home/vsohani/ros2_humble/install/ros2action:/home/vsohani/ros2_humble/install/ros2cli:/home/vsohani/ros2_humble/install/quality_of_service_demo_py:/home/vsohani/ros2_humble/install/lifecycle_py:/home/vsohani/ros2_humble/install/launch_testing_ros:/home/vsohani/ros2_humble/install/launch_ros:/home/vsohani/ros2_humble/install/examples_rclpy_pointcloud_publisher:/home/vsohani/ros2_humble/install/examples_rclpy_minimal_subscriber:/home/vsohani/ros2_humble/install/examples_rclpy_minimal_service:/home/vsohani/ros2_humble/install/examples_rclpy_minimal_publisher:/home/vsohani/ros2_humble/install/examples_rclpy_minimal_client:/home/vsohani/ros2_humble/install/examples_rclpy_minimal_action_server:/home/vsohani/ros2_humble/install/examples_rclpy_minimal_action_client:/home/vsohani/ros2_humble/install/examples_rclpy_guard_conditions:/home/vsohani/ros2_humble/install/examples_rclpy_executors:/home/vsohani/ros2_humble/install/demo_nodes_py:/home/vsohani/ros2_humble/install/camera_info_manager_py:/home/vsohani/ros2_humble/install/action_tutorials_py:/home/vsohani/ros2_humble/install/ament_uncrustify:/home/vsohani/ros2_humble/install/tracetools_trace:/home/vsohani/ros2_humble/install/tracetools_read:/home/vsohani/ros2_humble/install/test_tracetools_launch:/home/vsohani/ros2_humble/install/test_launch_ros:/home/vsohani/ros2_humble/install/sensor_msgs_py:/home/vsohani/ros2_humble/install/rpyutils:/home/vsohani/ros2_humble/install/rosidl_runtime_py:/home/vsohani/ros2_humble/install/rosidl_cli:/home/vsohani/ros2_humble/install/launch_pytest:/home/vsohani/ros2_humble/install/launch_testing:/home/vsohani/ros2_humble/install/launch_yaml:/home/vsohani/ros2_humble/install/launch_xml:/home/vsohani/ros2_humble/install/launch:/home/vsohani/ros2_humble/install/osrf_pycommon:/home/vsohani/ros2_humble/install/domain_coordinator:/home/vsohani/ros2_humble/install/ament_xmllint:/home/vsohani/ros2_humble/install/ament_pyflakes:/home/vsohani/ros2_humble/install/ament_pycodestyle:/home/vsohani/ros2_humble/install/ament_pep257:/home/vsohani/ros2_humble/install/ament_pclint:/home/vsohani/ros2_humble/install/ament_package:/home/vsohani/ros2_humble/install/ament_mypy:/home/vsohani/ros2_humble/install/ament_lint_cmake:/home/vsohani/ros2_humble/install/ament_flake8:/home/vsohani/ros2_humble/install/ament_copyright:/home/vsohani/ros2_humble/install/ament_lint:/home/vsohani/ros2_humble/install/ament_index_python:/home/vsohani/ros2_humble/install/ament_cpplint:/home/vsohani/ros2_humble/install/ament_cppcheck:/home/vsohani/ros2_humble/install/ament_clang_tidy:/home/vsohani/ros2_humble/install/ament_clang_format /usr/bin/cmake --build /home/vsohani/ros2_humble/src/sensor_manager_ros/build/sensor_manager_ros -- -j16 -l16
